1538997818352	mozrunner::runner	INFO	Running command: "C:\\Program Files (x86)\\Mozilla Firefox\\firefox.exe" "-marionette" "-foreground" "-no-remote" "-profile" "C:\\Users\\Literal\\AppData\\Local\\Temp\\rust_mozprofile.jhv5QQLOPiQf"
1538997822823	Marionette	INFO	Listening on port 59361
1538997823338	Marionette	WARN	TLS certificate errors will be ignored for this session
1538997823416	Marionette	DEBUG	[6442450945] Frame script loaded
1538997823418	Marionette	DEBUG	[6442450945] Frame script registered
1538997823456	Marionette	DEBUG	[6442450945] Received DOM event beforeunload for about:blank
1538997824056	Marionette	DEBUG	[6442450945] Received DOM event pagehide for about:blank
1538997826829	Marionette	DEBUG	[6442450945] Received DOM event DOMContentLoaded for https://vk.com/
1538997828448	Marionette	DEBUG	[6442450945] Received DOM event pageshow for https://vk.com/
1538997828686	Marionette	DEBUG	[6442450945] Canceled page load listener because no navigation has been detected
[Parent 8644, Gecko_IOThread] WARNING: pipe error: 109: file z:/build/build/src/ipc/chromium/src/chrome/common/ipc_channel_win.cc, line 346
[Parent 8644, Gecko_IOThread] WARNING: pipe error: 109: file z:/build/build/src/ipc/chromium/src/chrome/common/ipc_channel_win.cc, line 346
[Child 13000, Chrome_ChildThread] WARNING: pipe error: 109: file z:/build/build/src/ipc/chromium/src/chrome/common/ipc_channel_win.cc, line 346
[Child 13000, Chrome_ChildThread] WARNING: pipe error: 109: file z:/build/build/src/ipc/chromium/src/chrome/common/ipc_channel_win.cc, line 346
[Parent 8644, Gecko_IOThread] WARNING: pipe error: 109: file z:/build/build/src/ipc/chromium/src/chrome/common/ipc_channel_win.cc, line 346
[Child 12624, Chrome_ChildThread] WARNING: pipe error: 109: file z:/build/build/src/ipc/chromium/src/chrome/common/ipc_channel_win.cc, line 346
1538998565452	Marionette	INFO	Stopped listening on port 59361
[GPU 7492, Chrome_ChildThread] WARNING: pipe error: 109: file z:/build/build/src/ipc/chromium/src/chrome/common/ipc_channel_win.cc, line 346

###!!! [Child][MessageChannel::SendAndWait] Error: Channel error: cannot send/recv

0945] Canceled page load listener because no navigation has been detected
1538998329083	Marionette	DEBUG	[6442450945] Received observer notification outer-window-destroyed for 6442450967
1538998329204	Marionette	DEBUG	[6442450945] Canceled page load listener because no navigation has been detected
[Parent 7656, Gecko_IOThread] WARNING: pipe error: 109: file z:/build/build/src/ipc/chromium/src/chrome/common/ipc_channel_win.cc, line 346
[Child 5552, Chrome_ChildThread] WARNING: pipe error: 109: file z:/build/build/src/ipc/chromium/src/chrome/common/ipc_channel_win.cc, line 346
[Child 5552, Chrome_ChildThread] WARNING: pipe error: 109: file z:/build/build/src/ipc/chromium/src/chrome/common/ipc_channel_win.cc, line 346
[Parent 7656, Gecko_IOThread] WARNING: pipe error: 109: file z:/build/build/src/ipc/chromium/src/chrome/common/ipc_channel_win.cc, line 346
[Child 12396, Chrome_ChildThread] WARNING: pipe error: 109: file z:/build/build/src/ipc/chromium/src/chrome/common/ipc_channel_win.cc, line 346
[Child 12396, Chrome_ChildThread] WARNING: pipe error: 109: file z:/build/build/src/ipc/chromium/src/chrome/common/ipc_channel_win.cc, line 346
1538998565626	Marionette	INFO	Stopped listening on port 59599
[GPU 1456, Chrome_ChildThread] WARNING: pipe error: 109: file z:/build/build/src/ipc/chromium/src/chrome/common/ipc_channel_win.cc, line 346
stener because no navigation has been detected
1538998446195	Marionette	DEBUG	[6442450945] Canceled page load listener because no navigation has been detected
1538998447423	Marionette	DEBUG	[6442450945] Received observer notification outer-window-destroyed for 6442450967
1538998447518	Marionette	DEBUG	[6442450945] Canceled page load listener because no navigation has been detected
[Child 2904, Chrome_ChildThread] WARNING: pipe error: 109: file z:/build/build/src/ipc/chromium/src/chrome/common/ipc_channel_win.cc, line 346
[Child 2904, Chrome_ChildThread] WARNING: pipe error: 109: file z:/build/build/src/ipc/chromium/src/chrome/common/ipc_channel_win.cc, line 346
[Parent 11504, Gecko_IOThread] WARNING: pipe error: 109: file z:/build/build/src/ipc/chromium/src/chrome/common/ipc_channel_win.cc, line 346
[Child 12116, Chrome_ChildThread] WARNING: pipe error: 109: file z:/build/build/src/ipc/chromium/src/chrome/common/ipc_channel_win.cc, line 346
[Child 12116, Chrome_ChildThread] WARNING: pipe error: 109: file z:/build/build/src/ipc/chromium/src/chrome/common/ipc_channel_win.cc, line 346
1538998745302	Marionette	INFO	Stopped listening on port 59689
[GPU 6132, Chrome_ChildThread] WARNING: pipe error: 109: file z:/build/build/src/ipc/chromium/src/chrome/common/ipc_channel_win.cc, line 346

###!!! [Child][MessageChannel::SendAndWait] Error: Channel error: cannot send/recv

945] Canceled page load listener because no navigation has been detected
1538998514613	Marionette	DEBUG	[6442450945] Canceled page load listener because no navigation has been detected
1538998514972	Marionette	DEBUG	[6442450945] Canceled page load listener because no navigation has been detected
1538998515771	Marionette	DEBUG	[6442450945] Received observer notification outer-window-destroyed for 6442450967
1538998515852	Marionette	DEBUG	[6442450945] Received observer notification outer-window-destroyed for 6442450962
1538998515905	Marionette	DEBUG	[6442450945] Canceled page load listener because no navigation has been detected
[Parent 9000, Gecko_IOThread] WARNING: pipe error: 109: file z:/build/build/src/ipc/chromium/src/chrome/common/ipc_channel_win.cc, line 346
[Child 6620, Chrome_ChildThread] WARNING: pipe error: 109: file z:/build/build/src/ipc/chromium/src/chrome/common/ipc_channel_win.cc, line 346
[Child 6620, Chrome_ChildThread] WARNING: pipe error: 109: file z:/build/build/src/ipc/chromium/src/chrome/common/ipc_channel_win.cc, line 346
[Child 1472, Chrome_ChildThread] WARNING: pipe error: 109: file z:/build/build/src/ipc/chromium/src/chrome/common/ipc_channel_win.cc, line 346
[Child 1472, Chrome_ChildThread] WARNING: pipe error: 109: file z:/build/build/src/ipc/chromium/src/chrome/common/ipc_channel_win.cc, line 346
[Parent 9000, Gecko_IOThread] WARNING: pipe error: 109: file z:/build/build/src/ipc/chromium/src/chrome/common/ipc_channel_win.cc, line 346
[Child 4188, Chrome_ChildThread] WARNING: pipe error: 109: file z:/build/build/src/ipc/chromium/src/chrome/common/ipc_channel_win.cc, line 346
[Child 4188, Chrome_ChildThread] WARNING: pipe error: 109: file z:/build/build/src/ipc/chromium/src/chrome/common/ipc_channel_win.cc, line 346
1538998754331	Marionette	INFO	Stopped listening on port 59757
[GPU 8576, Chrome_ChildThread] WARNING: pipe error: 109: file z:/build/build/src/ipc/chromium/src/chrome/common/ipc_channel_win.cc, line 346
54	Marionette	DEBUG	[6442450945] Canceled page load listener because no navigation has been detected
[Child 9872, Chrome_ChildThread] WARNING: pipe error: 109: file z:/build/build/src/ipc/chromium/src/chrome/common/ipc_channel_win.cc, line 346
[Child 9872, Chrome_ChildThread] WARNING: pipe error: 109: file z:/build/build/src/ipc/chromium/src/chrome/common/ipc_channel_win.cc, line 346
[Parent 10652, Gecko_IOThread] WARNING: file z:/build/build/src/ipc/chromium/src/base/process_util_win.cc, line 188
1538998757318	Marionette	INFO	Stopped listening on port 59851
[GPU 8220, Chrome_ChildThread] WARNING: pipe error: 109: file z:/build/build/src/ipc/chromium/src/chrome/common/ipc_channel_win.cc, line 346

###!!! [Child][MessageChannel::SendAndWait] Error: Channel error: cannot send/recv

98619299	Marionette	DEBUG	[6442450945] Received DOM event DOMContentLoaded for https://vk.com/
1538998621562	Marionette	DEBUG	[6442450945] Received DOM event pageshow for https://vk.com/
1538998621844	Marionette	DEBUG	[6442450945] Canceled page load listener because no navigation has been detected
1538998622157	Marionette	DEBUG	[6442450945] Canceled page load listener because no navigation has been detected
1538998622485	Marionette	DEBUG	[6442450945] Canceled page load listener because no navigation has been detected
1538998623841	Marionette	DEBUG	[6442450945] Received observer notification outer-window-destroyed for 6442450967
1538998623938	Marionette	DEBUG	[6442450945] Canceled page load listener because no navigation has been detected
[Child 2028, Chrome_ChildThread] WARNING: pipe error: 109: file z:/build/build/src/ipc/chromium/src/chrome/common/ipc_channel_win.cc, line 346
[Child 2028, Chrome_ChildThread] WARNING: pipe error: 109: file z:/build/build/src/ipc/chromium/src/chrome/common/ipc_channel_win.cc, line 346
[Child 12284, Chrome_ChildThread] WARNING: pipe error: 109: file z:/build/build/src/ipc/chromium/src/chrome/common/ipc_channel_win.cc, line 346
[Child 12284, Chrome_ChildThread] WARNING: pipe error: 109: file z:/build/build/src/ipc/chromium/src/chrome/common/ipc_channel_win.cc, line 346
[Parent 9404, Gecko_IOThread] WARNING: pipe error: 109: file z:/build/build/src/ipc/chromium/src/chrome/common/ipc_channel_win.cc, line 346
[Child 12412, Chrome_ChildThread] WARNING: pipe error: 109: file z:/build/build/src/ipc/chromium/src/chrome/common/ipc_channel_win.cc, line 346
[Child 12412, Chrome_ChildThread] WARNING: pipe error: 109: file z:/build/build/src/ipc/chromium/src/chrome/common/ipc_channel_win.cc, line 346
1538998758278	Marionette	INFO	Stopped listening on port 59920
[GPU 11848, Chrome_ChildThread] WARNING: pipe error: 109: file z:/build/build/src/ipc/chromium/src/chrome/common/ipc_channel_win.cc, line 346
/vk.com/
1538998731262	Marionette	DEBUG	[6442450945] Received DOM event pageshow for https://vk.com/
1538998731533	Marionette	DEBUG	[6442450945] Canceled page load listener because no navigation has been detected
1538998731940	Marionette	DEBUG	[6442450945] Canceled page load listener because no navigation has been detected
1538998732220	Marionette	DEBUG	[6442450945] Canceled page load listener because no navigation has been detected
1538998733551	Marionette	DEBUG	[6442450945] Received observer notification outer-window-destroyed for 6442450967
1538998733611	Marionette	DEBUG	[6442450945] Canceled page load listener because no navigation has been detected
[Parent 8604, Gecko_IOThread] WARNING: pipe error: 109: file z:/build/build/src/ipc/chromium/src/chrome/common/ipc_channel_win.cc, line 346
[Child 9696, Chrome_ChildThread] WARNING: pipe error: 109: file z:/build/build/src/ipc/chromium/src/chrome/common/ipc_channel_win.cc, line 346
[Child 9696, Chrome_ChildThread] WARNING: pipe error: 109: file z:/build/build/src/ipc/chromium/src/chrome/common/ipc_channel_win.cc, line 346
[Child 12208, Chrome_ChildThread] WARNING: pipe error: 109: file z:/build/build/src/ipc/chromium/src/chrome/common/ipc_channel_win.cc, line 346
[Child 12208, Chrome_ChildThread] WARNING: pipe error: 109: file z:/build/build/src/ipc/chromium/src/chrome/common/ipc_channel_win.cc, line 346
[Child 12512, Chrome_ChildThread] WARNING: pipe error: 109: file z:/build/build/src/ipc/chromium/src/chrome/common/ipc_channel_win.cc, line 346
[Child 12512, Chrome_ChildThread] WARNING: pipe error: 109: file z:/build/build/src/ipc/chromium/src/chrome/common/ipc_channel_win.cc, line 346
1538998760412	Marionette	INFO	Stopped listening on port 59994
[GPU 8916, Chrome_ChildThread] WARNING: pipe error: 109: file z:/build/build/src/ipc/chromium/src/chrome/common/ipc_channel_win.cc, line 346

###!!! [Child][MessageChannel::SendAndWait] Error: Channel error: cannot send/recv

